{
  "number": 485,
  "type": "issue",
  "state": "closed",
  "title": "Error building SkiaSharp",
  "body": "Hello,\r\n\r\nI trying to compile SkiaSharp. When running the \u0022.\\bootstrapper.ps1 -Target everything\u0022 I get an error:\r\n\r\n\u0060\u0060\u0060\r\n========================================\r\nexternals-uwp\r\n========================================\r\nExecuting task: externals-uwp\r\nDone. Made 33 targets from 21 files in 347ms\r\nninja: Entering directory \u0060out/winrt/x64\u0027\r\nninja: no work to do.\r\nCopying file libSkiaSharp.dll to C:/../SkiaSharp/output/native/uwp/x64/libSkiaSharp.dll\r\nCopying file libSkiaSharp.pdb to C:/../SkiaSharp/output/native/uwp/x64/libSkiaSharp.pdb\r\nDone. Made 33 targets from 21 files in 197ms\r\nninja: Entering directory \u0060out/winrt/Win32\u0027\r\nninja: no work to do.\r\nCopying file libSkiaSharp.dll to C:/../SkiaSharp/output/native/uwp/x86/libSkiaSharp.dll\r\nCopying file libSkiaSharp.pdb to C:/../SkiaSharp/output/native/uwp/x86/libSkiaSharp.pdb\r\nDone. Made 33 targets from 21 files in 198ms\r\nninja: Entering directory \u0060out/winrt/ARM\u0027\r\n[1/958] compile ../../../src/xamarin/SkManagedStream.cpp\r\nFAILED: obj/src/xamarin/libSkiaSharp.SkManagedStream.obj \r\ncmd /c \u0022set __VSCMD_ARG_NO_LOGO=1 \u0026\u0026 set VSCMD_START_DIR=%CD% \u0026\u0026 \u0022C:/Program Files (x86)/Microsoft Visual Studio/2017/Enterprise/VC/Tools/MSVC/14.13.26128/../../../Auxiliary/Build/vcvarsall.bat\u0022 amd64_arm \u0026\u0026 \u0022C:/Program Files (x86)/Microsoft Visual Studio/2017/Enterprise/VC/Tools/MSVC/14.13.26128/bin/HostX64/arm/cl.exe\u0022 /nologo /showIncludes /FC @obj/src/xamarin/libSkiaSharp.SkManagedStream.obj.rsp /c ../../../src/xamarin/SkManagedStream.cpp /Foobj/src/xamarin/libSkiaSharp.SkManagedStream.obj /Fd\u0022obj/SkiaSharp_c.pdb\u0022\u0022\r\n[vcvarsall.bat] Environment initialized for: \u0027x64_arm\u0027\r\nSystem cannot find the path specified.\r\n[2/958] compile ../../../src/xamarin/sk_managedstream.cpp\r\nFAILED: obj/src/xamarin/libSkiaSharp.sk_managedstream.obj \r\ncmd /c \u0022set __VSCMD_ARG_NO_LOGO=1 \u0026\u0026 set VSCMD_START_DIR=%CD% \u0026\u0026 \u0022C:/Program Files (x86)/Microsoft Visual Studio/2017/Enterprise/VC/Tools/MSVC/14.13.26128/../../../Auxiliary/Build/vcvarsall.bat\u0022 amd64_arm \u0026\u0026 \u0022C:/Program Files (x86)/Microsoft Visual Studio/2017/Enterprise/VC/Tools/MSVC/14.13.26128/bin/HostX64/arm/cl.exe\u0022 /nologo /showIncludes /FC @obj/src/xamarin/libSkiaSharp.sk_managedstream.obj.rsp /c ../../../src/xamarin/sk_managedstream.cpp /Foobj/src/xamarin/libSkiaSharp.sk_managedstream.obj /Fd\u0022obj/SkiaSharp_c.pdb\u0022\u0022\r\n[vcvarsall.bat] Environment initialized for: \u0027x64_arm\u0027\r\nSystem cannot find the path specified.\r\n[3/958] compile ../../../src/xamarin/sk_xamarin.cpp\r\nFAILED: obj/src/xamarin/libSkiaSharp.sk_xamarin.obj \r\ncmd /c \u0022set __VSCMD_ARG_NO_LOGO=1 \u0026\u0026 set VSCMD_START_DIR=%CD% \u0026\u0026 \u0022C:/Program Files (x86)/Microsoft Visual Studio/2017/Enterprise/VC/Tools/MSVC/14.13.26128/../../../Auxiliary/Build/vcvarsall.bat\u0022 amd64_arm \u0026\u0026 \u0022C:/Program Files (x86)/Microsoft Visual Studio/2017/Enterprise/VC/Tools/MSVC/14.13.26128/bin/HostX64/arm/cl.exe\u0022 /nologo /showIncludes /FC @obj/src/xamarin/libSkiaSharp.sk_xamarin.obj.rsp /c ../../../src/xamarin/sk_xamarin.cpp /Foobj/src/xamarin/libSkiaSharp.sk_xamarin.obj /Fd\u0022obj/SkiaSharp_c.pdb\u0022\u0022\r\n[vcvarsall.bat] Environment initialized for: \u0027x64_arm\u0027\r\nSystem cannot find the path specified.\r\n[4/958] compile ../../../src/xamarin/sk_managedpixelserializer.cpp\r\nFAILED: obj/src/xamarin/libSkiaSharp.sk_managedpixelserializer.obj \r\ncmd /c \u0022set __VSCMD_ARG_NO_LOGO=1 \u0026\u0026 set VSCMD_START_DIR=%CD% \u0026\u0026 \u0022C:/Program Files (x86)/Microsoft Visual Studio/2017/Enterprise/VC/Tools/MSVC/14.13.26128/../../../Auxiliary/Build/vcvarsall.bat\u0022 amd64_arm \u0026\u0026 \u0022C:/Program Files (x86)/Microsoft Visual Studio/2017/Enterprise/VC/Tools/MSVC/14.13.26128/bin/HostX64/arm/cl.exe\u0022 /nologo /showIncludes /FC @obj/src/xamarin/libSkiaSharp.sk_managedpixelserializer.obj.rsp /c ../../../src/xamarin/sk_managedpixelserializer.cpp /Foobj/src/xamarin/libSkiaSharp.sk_managedpixelserializer.obj /Fd\u0022obj/SkiaSharp_c.pdb\u0022\u0022\r\n[vcvarsall.bat] Environment initialized for: \u0027x64_arm\u0027\r\nSystem cannot find the path specified.\r\n[5/958] compile ../../../src/xamarin/SkManagedPixelSerializer.cpp\r\nFAILED: obj/src/xamarin/libSkiaSharp.SkManagedPixelSerializer.obj \r\ncmd /c \u0022set __VSCMD_ARG_NO_LOGO=1 \u0026\u0026 set VSCMD_START_DIR=%CD% \u0026\u0026 \u0022C:/Program Files (x86)/Microsoft Visual Studio/2017/Enterprise/VC/Tools/MSVC/14.13.26128/../../../Auxiliary/Build/vcvarsall.bat\u0022 amd64_arm \u0026\u0026 \u0022C:/Program Files (x86)/Microsoft Visual Studio/2017/Enterprise/VC/Tools/MSVC/14.13.26128/bin/HostX64/arm/cl.exe\u0022 /nologo /showIncludes /FC @obj/src/xamarin/libSkiaSharp.SkManagedPixelSerializer.obj.rsp /c ../../../src/xamarin/SkManagedPixelSerializer.cpp /Foobj/src/xamarin/libSkiaSharp.SkManagedPixelSerializer.obj /Fd\u0022obj/SkiaSharp_c.pdb\u0022\u0022\r\n[vcvarsall.bat] Environment initialized for: \u0027x64_arm\u0027\r\nSystem cannot find the path specified.\r\n[6/958] compile ../../../src/xamarin/SkiaKeeper.c\r\nFAILED: obj/src/xamarin/libSkiaSharp.SkiaKeeper.obj \r\ncmd /c \u0022set __VSCMD_ARG_NO_LOGO=1 \u0026\u0026 set VSCMD_START_DIR=%CD% \u0026\u0026 \u0022C:/Program Files (x86)/Microsoft Visual Studio/2017/Enterprise/VC/Tools/MSVC/14.13.26128/../../../Auxiliary/Build/vcvarsall.bat\u0022 amd64_arm \u0026\u0026 \u0022C:/Program Files (x86)/Microsoft Visual Studio/2017/Enterprise/VC/Tools/MSVC/14.13.26128/bin/HostX64/arm/cl.exe\u0022 /nologo /showIncludes /FC @obj/src/xamarin/libSkiaSharp.SkiaKeeper.obj.rsp /c ../../../src/xamarin/SkiaKeeper.c /Foobj/src/xamarin/libSkiaSharp.SkiaKeeper.obj /Fd\u0022obj/SkiaSharp_c.pdb\u0022\u0022\r\n[vcvarsall.bat] Environment initialized for: \u0027x64_arm\u0027\r\nSystem cannot find the path specified.\r\nninja: build stopped: subcommand failed.\r\n\u0060\u0060\u0060\r\n\r\nI did not find the arm folder on the specified path\r\n![image](https://user-images.githubusercontent.com/28917934/38602242-d9d88e84-3d72-11e8-88a3-c7f0d2554186.png)\r\n\r\nWhat should i setup to get the result?",
  "author": {
    "login": "GeorgyRezchikov",
    "type": "User"
  },
  "labels": [],
  "assignees": [],
  "createdAt": "2018-04-11T08:52:09",
  "updatedAt": "2022-08-19T15:02:49",
  "closedAt": "2018-04-12T14:34:37",
  "commentCount": 6,
  "reactionCount": 0
}