{
  "number": 1016,
  "type": "issue",
  "state": "closed",
  "title": "[Question] Error building \u0027externals-tizen\u0027",
  "body": "I downloaded the and followed the guides, did not made changes to any file. \r\nInstalled tizen and a few tizen-packages that I found timportant.\r\n\r\nThe \u0027.\\bootstrapper.ps1 -t everything -v \u0022Diagnostic\u0022\u0027-Call get stopped reporting this error below.\r\n\r\nIt thells me there is a header file missing which is indeed not there. \r\nIs there configured something wrong? Can I exclude tizen, (\u0027cause I probably don\u0027t need it)\r\n\r\nWhy all that ? I only want to change something in \u0022source/SkiaSharp.Views.Forms.Android/SKTouchHandler.cs\u0022 that it don\u0027t allow touch stealing by interception. Only few lines of code.\r\n\r\n\u0060Executing: \u0022C:/Users/mackel/source/repos/SkiaSharp/externals/depot_tools/ninja.exe\u0022 skia -C out/tizen/armel\r\nninja: Entering directory \u0027out/tizen/armel\u0027\r\n[3/991] compile ../../../src/opts/SkBlitRow_opts_arm.cpp\r\nFAILED: obj/src/opts/armv7.SkBlitRow_opts_arm.o\r\nC:/Users/mackel/tizen-studio/tools/llvm-4.0.0/bin/clang\u002B\u002B.exe -MMD -MF obj/src/opts/armv7.SkBlitRow_opts_arm.o.d -DNDEBUG -DSK_SAMPLES_FOR_X -DSK_GAMMA_APPLY_TO_A8 -DSK_ALLOW_STATIC_GLOBAL_INITIALIZERS=0 -DSK_ENABLE_DISCRETE_GPU -DSKIA_IMPLEMENTATION=1 -I../../../include/android -I../../../include/c -I../../../include/codec -I../../../include/config -I../../../include/core -I../../../include/effects -I../../../include/encode -I../../../include/gpu -I../../../include/atlastext -I../../../include/pathops -I../../../include/ports -I../../../include/svg -I../../../include/utils -I../../../include/utils/mac -I../../../include/private -I../../../src/c -I../../../src/codec -I../../../src/core -I../../../src/effects -I../../../src/fonts -I../../../src/image -I../../../src/images -I../../../src/lazy -I../../../src/opts -I../../../src/pathops -I../../../src/pdf -I../../../src/ports -I../../../src/sfnt -I../../../src/shaders -I../../../src/shaders/gradients -I../../../src/sksl -I../../../src/utils -I../../../src/utils/win -I../../../src/xml -I../../../third_party/gif -I../../../src/gpu -fstrict-aliasing -fPIC -fvisibility=hidden -march=armv7-a -mfpu=neon -mthumb --sysroot=C:/Users/mackel/tizen-studio/platforms/tizen-4.0/mobile/rootstraps/mobile-4.0-device.core --target=arm-tizen-linux-gnueabi -BC:/Users/mackel/tizen-studio/tools/arm-linux-gnueabi-gcc-6.2/arm-tizen-linux-gnueabi/bin -O3 -fdata-sections -ffunction-sections -Wno-unused-parameter -DSKIA_C_DLL -DSK_BUILD_FOR_TIZEN -std=c\u002B\u002B11 -fvisibility-inlines-hidden -isystemC:/Users/mackel/tizen-studio/tools/arm-linux-gnueabi-gcc-6.2/arm-tizen-linux-gnueabi/include/c\u002B\u002B/6.2.1 -isystemC:/Users/mackel/tizen-studio/tools/arm-linux-gnueabi-gcc-6.2/arm-tizen-linux-gnueabi/include/c\u002B\u002B/6.2.1/arm-tizen-linux-gnueabi -fno-exceptions -fno-rtti -c ../../../src/opts/SkBlitRow_opts_arm.cpp -o obj/src/opts/armv7.SkBlitRow_opts_arm.o\r\nIn file included from ../../../src/opts/SkBlitRow_opts_arm.cpp:8:\r\nIn file included from ../../../src/core\\SkBlitRow.h:11:\r\nIn file included from ../../../include/core\\SkBitmap.h:11:\r\nIn file included from ../../../include/core/SkColor.h:11:\r\nIn file included from ../../../include/core/SkScalar.h:11:\r\nIn file included from ../../../include/core/../private/SkFloatingPoint.h:11:\r\nIn file included from ../../../include/private/../private/SkFloatBits.h:12:\r\nIn file included from ../../../include/core\\SkTypes.h:21:\r\nIn file included from C:/Users/mackel/tizen-studio/tools/arm-linux-gnueabi-gcc-6.2/arm-tizen-linux-gnueabi/include/c\u002B\u002B/6.2.1\\ciso646:37:\r\nIn file included from C:/Users/mackel/tizen-studio/tools/arm-linux-gnueabi-gcc-6.2/arm-tizen-linux-gnueabi/include/c\u002B\u002B/6.2.1/arm-tizen-linux-gnueabi\\bits/c\u002B\u002Bconfig.h:507:\r\nC:/Users/mackel/tizen-studio/tools/arm-linux-gnueabi-gcc-6.2/arm-tizen-linux-gnueabi/include/c\u002B\u002B/6.2.1/arm-tizen-linux-gnueabi\\bits/os_defines.h:39:10: fatal error: \u0027features.h\u0027 file not found\r\n#include \u003Cfeatures.h\u003E\r\n         ^~~~~~~~~~~~\r\n1 error generated.\u0060",
  "author": {
    "login": "mackel90",
    "type": "User"
  },
  "labels": [],
  "assignees": [],
  "createdAt": "2019-11-17T13:59:19",
  "updatedAt": "2022-08-19T09:02:04",
  "closedAt": "2019-12-03T13:22:22",
  "commentCount": 5,
  "reactionCount": 0
}