{
  "number": 106,
  "type": "issue",
  "state": "closed",
  "title": "Mac build does not work",
  "body": "Hi!\nI admittedly am new to Mac OS, but I setup a build environment for SkiaSharp and I get a quite meaningless exception when running \n\u0060sudo ./bootstrapper.sh -t externals-android\u0060\n\nthe relevant trace part is\n\n\u003E [33/755] CC obj/third_party/externals/libwebp/src/dsp/libwebp_dsp.upsampling.o\n\u003E ninja: build stopped: subcommand failed.\n\u003E Executing: /Users/xammac/SkiaSharp/skia/platform_tools/android/bin/android_ninja -d arm_v7_neon skia_lib pdf sfntly icuuc\n\u003E GYP_GENERATORS is \u0022ninja-android\u0022\n\u003E Updating projects from gyp files...\n\u003E ninja: Entering directory \u0060/Users/xammac/SkiaSharp/skia/out/config/android-arm_v7_neon/Release\u0027\n\u003E [349/1002] CXX obj/src/c/xamarin/core.sk_x_path.o\n\u003E FAILED: /Users/xammac/SkiaSharp/skia/platform_tools/android/bin/../toolchains/arm-r10e-14/bin/arm-linux-androideabi-g\u002B\u002B -MMD -MF obj/src/c/xamarin/core.sk_x_path.o.d -DSK_INTERNAL -DSK_GAMMA_APPLY_TO_A8 -DSK_ALLOW_STATIC_GLOBAL_INITIALIZERS=0 -DSK_SUPPORT_GPU=1 -DSK_FORCE_DISTANCE_FIELD_TEXT=0 -DSK_ARM_HAS_NEON -DSK_BUILD_FOR_ANDROID -DSK_GAMMA_EXPONENT=1.4 -DSK_GAMMA_CONTRAST=0.0 -DSKIA_DLL -DSKIA_IMPLEMENTATION=1 -DSK_SUPPORT_LEGACY_CLIPTOLAYERFLAG -DNDEBUG -I../../../../include/c -I../../../../include/config -I../../../../include/core -I../../../../include/pathops -I../../../../include/ports -I../../../../include/private -I../../../../include/utils -I../../../../include/images -I../../../../src/core -I../../../../src/sfnt -I../../../../src/image -I../../../../src/opts -I../../../../src/utils -I../../../../include/gpu -I../../../../src/gpu -I../../../../platform_tools/android/third_party/cpufeatures -fPIC -g -fno-exceptions -fstrict-aliasing -Wall -Wextra -Winit-self -Wpointer-arith -Wsign-compare -Wno-unused-parameter -Werror -march=armv7-a -mthumb -mfpu=neon -mfloat-abi=softfp -fuse-ld=gold -O2 -std=c\u002B\u002B11 -fno-rtti -fno-threadsafe-statics -Wnon-virtual-dtor  -c ../../../../src/c/xamarin/sk_x_path.cpp -o obj/src/c/xamarin/core.sk_x_path.o\n\u003E ../../../../src/c/xamarin/sk_x_path.cpp:94:38: error: comparison between \u0027enum SkPath::Verb\u0027 and \u0027enum sk_path_verb_t\u0027 [-Werror=enum-compare]\n\u003E  static_assert (SkPath::kMove_Verb == MOVE_PATH_VERB, \u0022ABI changed, you must write a enumeration mapper for SkPath::Verb to sk_path_verb_t\u0022);\n\u003E                                       ^\n\u003E ../../../../src/c/xamarin/sk_x_path.cpp:95:38: error: comparison between \u0027enum SkPath::Verb\u0027 and \u0027enum sk_path_verb_t\u0027 [-Werror=enum-compare]\n\u003E  static_assert (SkPath::kLine_Verb == LINE_PATH_VERB, \u0022ABI changed, you must write a enumeration mapper for SkPath::Verb to sk_path_verb_t\u0022);\n\u003E                                       ^\n\u003E ../../../../src/c/xamarin/sk_x_path.cpp:96:38: error: comparison between \u0027enum SkPath::Verb\u0027 and \u0027enum sk_path_verb_t\u0027 [-Werror=enum-compare]\n\u003E  static_assert (SkPath::kQuad_Verb == QUAD_PATH_VERB, \u0022ABI changed, you must write a enumeration mapper for SkPath::Verb to sk_path_verb_t\u0022);\n\u003E                                       ^\n\u003E ../../../../src/c/xamarin/sk_x_path.cpp:97:39: error: comparison between \u0027enum SkPath::Verb\u0027 and \u0027enum sk_path_verb_t\u0027 [-Werror=enum-compare]\n\u003E  static_assert (SkPath::kConic_Verb == CONIC_PATH_VERB, \u0022ABI changed, you must write a enumeration mapper for SkPath::Verb to sk_path_verb_t\u0022);\n\u003E                                        ^\n\u003E ../../../../src/c/xamarin/sk_x_path.cpp:98:39: error: comparison between \u0027enum SkPath::Verb\u0027 and \u0027enum sk_path_verb_t\u0027 [-Werror=enum-compare]\n\u003E  static_assert (SkPath::kCubic_Verb == CUBIC_PATH_VERB, \u0022ABI changed, you must write a enumeration mapper for SkPath::Verb to sk_path_verb_t\u0022);\n\u003E                                        ^\n\u003E ../../../../src/c/xamarin/sk_x_path.cpp:99:39: error: comparison between \u0027enum SkPath::Verb\u0027 and \u0027enum sk_path_verb_t\u0027 [-Werror=enum-compare]\n\u003E  static_assert (SkPath::kClose_Verb == CLOSE_PATH_VERB, \u0022ABI changed, you must write a enumeration mapper for SkPath::Verb to sk_path_verb_t\u0022);\n\u003E                                        ^\n\u003E ../../../../src/c/xamarin/sk_x_path.cpp:100:38: error: comparison between \u0027enum SkPath::Verb\u0027 and \u0027enum sk_path_verb_t\u0027 [-Werror=enum-compare]\n\u003E  static_assert (SkPath::kDone_Verb == DONE_PATH_VERB, \u0022ABI changed, you must write a enumeration mapper for SkPath::Verb to sk_path_verb_t\u0022);\n\u003E                                       ^\n\u003E ../../../../src/c/xamarin/sk_x_path.cpp:127:47: error: comparison between \u0027enum SkPath::AddPathMode\u0027 and \u0027enum sk_path_add_mode_t\u0027 [-Werror=enum-compare]\n\u003E  static_assert (SkPath::kAppend_AddPathMode == APPEND_ADD_MODE, \u0022ABI changed, you must write a enumeration mapper for SkPath::AddPathMode to sk_path_add_mode_t\u0022);\n\u003E                                                ^\n\u003E ../../../../src/c/xamarin/sk_x_path.cpp:128:47: error: comparison between \u0027enum SkPath::AddPathMode\u0027 and \u0027enum sk_path_add_mode_t\u0027 [-Werror=enum-compare]\n\u003E  static_assert (SkPath::kExtend_AddPathMode == EXTEND_ADD_MODE, \u0022ABI changed, you must write a enumeration mapper for SkPath::AddPathMode to sk_path_add_mode_t\u0022);\n\u003E                                                ^\n\u003E cc1plus: all warnings being treated as errors\n\u003E [349/1002] CXX obj/third_party/externals/sfntly/sfntly/table/truetype/sfntly.glyph_table.o\n\u003E ninja: build stopped: subcommand failed.\n\u003E Executing: /Users/xammac/SkiaSharp/skia/platform_tools/android/bin/android_ninja -d arm64 skia_lib pdf sfntly icuuc\n\u003E GYP_GENERATORS is \u0022ninja-android\u0022\n\u003E Updating projects from gyp files...\n\u003E ninja: Entering directory\u0060/Users/xammac/SkiaSharp/skia/out/config/android-arm64/Release\u0027\n\u003E [20/647] CXX obj/src/c/xamarin/core.sk_x_path.o\n\u003E FAILED: /Users/xammac/SkiaSharp/skia/platform_tools/android/bin/../toolchains/arm64-r10e-21/bin/aarch64-linux-android-g\u002B\u002B -MMD -MF obj/src/c/xamarin/core.sk_x_path.o.d -DSK_INTERNAL -DSK_GAMMA_APPLY_TO_A8 -DSK_ALLOW_STATIC_GLOBAL_INITIALIZERS=0 -DSK_SUPPORT_GPU=1 -DSK_FORCE_DISTANCE_FIELD_TEXT=0 -DSK_BUILD_FOR_ANDROID -DSK_GAMMA_EXPONENT=1.4 -DSK_GAMMA_CONTRAST=0.0 -DSKIA_DLL -DSKIA_IMPLEMENTATION=1 -DSK_SUPPORT_LEGACY_CLIPTOLAYERFLAG -DNDEBUG -I../../../../include/c -I../../../../include/config -I../../../../include/core -I../../../../include/pathops -I../../../../include/ports -I../../../../include/private -I../../../../include/utils -I../../../../include/images -I../../../../src/core -I../../../../src/sfnt -I../../../../src/image -I../../../../src/opts -I../../../../src/utils -I../../../../include/gpu -I../../../../src/gpu -I../../../../platform_tools/android/third_party/cpufeatures -fPIC -g -fno-exceptions -fstrict-aliasing -Wall -Wextra -Winit-self -Wpointer-arith -Wsign-compare -Wno-unused-parameter -Werror -fuse-ld=gold -O2 -std=c\u002B\u002B11 -fno-rtti -fno-threadsafe-statics -Wnon-virtual-dtor  -c ../../../../src/c/xamarin/sk_x_path.cpp -o obj/src/c/xamarin/core.sk_x_path.o\n\u003E ../../../../src/c/xamarin/sk_x_path.cpp:94:38: error: comparison between \u0027enum SkPath::Verb\u0027 and \u0027enum sk_path_verb_t\u0027 [-Werror=enum-compare]\n\u003E  static_assert (SkPath::kMove_Verb == MOVE_PATH_VERB, \u0022ABI changed, you must write a enumeration mapper for SkPath::Verb to sk_path_verb_t\u0022);\n\u003E                                       ^\n\u003E ../../../../src/c/xamarin/sk_x_path.cpp:95:38: error: comparison between \u0027enum SkPath::Verb\u0027 and \u0027enum sk_path_verb_t\u0027 [-Werror=enum-compare]\n\u003E  static_assert (SkPath::kLine_Verb == LINE_PATH_VERB, \u0022ABI changed, you must write a enumeration mapper for SkPath::Verb to sk_path_verb_t\u0022);\n\u003E                                       ^\n\u003E ../../../../src/c/xamarin/sk_x_path.cpp:96:38: error: comparison between \u0027enum SkPath::Verb\u0027 and \u0027enum sk_path_verb_t\u0027 [-Werror=enum-compare]\n\u003E  static_assert (SkPath::kQuad_Verb == QUAD_PATH_VERB, \u0022ABI changed, you must write a enumeration mapper for SkPath::Verb to sk_path_verb_t\u0022);\n\u003E                                       ^\n\u003E ../../../../src/c/xamarin/sk_x_path.cpp:97:39: error: comparison between \u0027enum SkPath::Verb\u0027 and \u0027enum sk_path_verb_t\u0027 [-Werror=enum-compare]\n\u003E  static_assert (SkPath::kConic_Verb == CONIC_PATH_VERB, \u0022ABI changed, you must write a enumeration mapper for SkPath::Verb to sk_path_verb_t\u0022);\n\u003E                                        ^\n\u003E ../../../../src/c/xamarin/sk_x_path.cpp:98:39: error: comparison between \u0027enum SkPath::Verb\u0027 and \u0027enum sk_path_verb_t\u0027 [-Werror=enum-compare]\n\u003E  static_assert (SkPath::kCubic_Verb == CUBIC_PATH_VERB, \u0022ABI changed, you must write a enumeration mapper for SkPath::Verb to sk_path_verb_t\u0022);\n\u003E                                        ^\n\u003E ../../../../src/c/xamarin/sk_x_path.cpp:99:39: error: comparison between \u0027enum SkPath::Verb\u0027 and \u0027enum sk_path_verb_t\u0027 [-Werror=enum-compare]\n\u003E  static_assert (SkPath::kClose_Verb == CLOSE_PATH_VERB, \u0022ABI changed, you must write a enumeration mapper for SkPath::Verb to sk_path_verb_t\u0022);\n\u003E                                        ^\n\u003E ../../../../src/c/xamarin/sk_x_path.cpp:100:38: error: comparison between \u0027enum SkPath::Verb\u0027 and \u0027enum sk_path_verb_t\u0027 [-Werror=enum-compare]\n\u003E  static_assert (SkPath::kDone_Verb == DONE_PATH_VERB, \u0022ABI changed, you must write a enumeration mapper for SkPath::Verb to sk_path_verb_t\u0022);\n\u003E                                       ^\n\u003E ../../../../src/c/xamarin/sk_x_path.cpp:127:47: error: comparison between \u0027enum SkPath::AddPathMode\u0027 and \u0027enum sk_path_add_mode_t\u0027 [-Werror=enum-compare]\n\u003E  static_assert (SkPath::kAppend_AddPathMode == APPEND_ADD_MODE, \u0022ABI changed, you must write a enumeration mapper for SkPath::AddPathMode to sk_path_add_mode_t\u0022);\n\u003E                                                ^\n\u003E ../../../../src/c/xamarin/sk_x_path.cpp:128:47: error: comparison between \u0027enum SkPath::AddPathMode\u0027 and \u0027enum sk_path_add_mode_t\u0027 [-Werror=enum-compare]\n\u003E  static_assert (SkPath::kExtend_AddPathMode == EXTEND_ADD_MODE, \u0022ABI changed, you must write a enumeration mapper for SkPath::AddPathMode to sk_path_add_mode_t\u0022);\n\u003E                                                ^\n\u003E cc1plus: all warnings being treated as errors\n\u003E [20/647] CXX obj/src/core/core.SkAAClip.o\n\u003E ninja: build stopped: subcommand failed.\n\u003E Executing: /Users/xammac/Library/Developer/Xamarin/android-ndk/ndk-build \n\u003E An error occured when executing task \u0027externals-android\u0027.\n\u003E Error: System.ComponentModel.Win32Exception: ApplicationName=\u0027/Users/xammac/Library/Developer/Xamarin/android-ndk/ndk-build\u0027, CommandLine=\u0027\u0027, CurrentDirectory=\u0027/Users/xammac/SkiaSharp/native-builds/libSkiaSharp_android\u0027, Native error= Cannot find the specified file\n\u003E   at System.Diagnostics.Process.Start_noshell (System.Diagnostics.ProcessStartInfo startInfo, System.Diagnostics.Process process) \u003C0x39cf1e8 \u002B 0x0055f\u003E in \u003Cfilename unknown\u003E:0 \n\nany advice would be greatly appreciated \n",
  "author": {
    "login": "gentledepp",
    "type": "User"
  },
  "labels": [],
  "assignees": [],
  "createdAt": "2016-07-04T18:25:45",
  "updatedAt": "2022-08-20T00:02:41",
  "closedAt": "2016-07-18T19:08:56",
  "commentCount": 18,
  "reactionCount": 0
}